<?xml version="1.0" encoding="utf-8"?>
<coverage line-rate="0.2314" branch-rate="0.2551" version="1.9" timestamp="1750699862" lines-covered="100" lines-valid="432" branches-covered="50" branches-valid="196">
  <sources>
    <source>/workspaces/src/</source>
  </sources>
  <packages>
    <package name="myWebApp" line-rate="0.2314" branch-rate="0.2551" complexity="238">
      <classes>
        <class name="Program" filename="Program.cs" line-rate="0.5365" branch-rate="0.2" complexity="10">
          <methods>
            <method name="&lt;Main&gt;$" signature="(System.String[])" line-rate="0.8332999999999999" branch-rate="0.5" complexity="2">
              <lines>
                <line number="4" hits="1" branch="False" />
                <line number="7" hits="1" branch="False" />
                <line number="10" hits="1" branch="False" />
                <line number="11" hits="1" branch="False" />
                <line number="12" hits="1" branch="False" />
                <line number="14" hits="1" branch="False" />
                <line number="53" hits="1" branch="True" condition-coverage="50% (1/2)">
                  <conditions>
                    <condition number="92" type="jump" coverage="50%" />
                  </conditions>
                </line>
                <line number="54" hits="0" branch="False" />
                <line number="55" hits="0" branch="False" />
                <line number="56" hits="0" branch="False" />
                <line number="58" hits="1" branch="False" />
                <line number="59" hits="1" branch="False" />
                <line number="60" hits="1" branch="False" />
                <line number="62" hits="1" branch="False" />
                <line number="64" hits="1" branch="False" />
                <line number="66" hits="1" branch="False" />
                <line number="68" hits="1" branch="False" />
                <line number="70" hits="1" branch="False" />
              </lines>
            </method>
            <method name="&lt;&lt;Main&gt;$&gt;g__GetConnectionString|0_1" signature="(Microsoft.Extensions.Configuration.IConfiguration)" line-rate="0.3043" branch-rate="0.125" complexity="8">
              <lines>
                <line number="18" hits="1" branch="False" />
                <line number="20" hits="1" branch="False" />
                <line number="21" hits="1" branch="True" condition-coverage="50% (1/2)">
                  <conditions>
                    <condition number="23" type="jump" coverage="50%" />
                  </conditions>
                </line>
                <line number="22" hits="1" branch="False" />
                <line number="23" hits="1" branch="False" />
                <line number="24" hits="1" branch="False" />
                <line number="28" hits="0" branch="False" />
                <line number="29" hits="0" branch="True" condition-coverage="0% (0/2)">
                  <conditions>
                    <condition number="67" type="jump" coverage="0%" />
                  </conditions>
                </line>
                <line number="30" hits="0" branch="False" />
                <line number="32" hits="0" branch="True" condition-coverage="0% (0/2)">
                  <conditions>
                    <condition number="81" type="jump" coverage="0%" />
                  </conditions>
                </line>
                <line number="33" hits="0" branch="False" />
                <line number="35" hits="0" branch="True" condition-coverage="0% (0/2)">
                  <conditions>
                    <condition number="108" type="jump" coverage="0%" />
                  </conditions>
                </line>
                <line number="36" hits="0" branch="False" />
                <line number="37" hits="0" branch="False" />
                <line number="38" hits="0" branch="False" />
                <line number="40" hits="0" branch="False" />
                <line number="41" hits="0" branch="False" />
                <line number="42" hits="0" branch="False" />
                <line number="43" hits="0" branch="False" />
                <line number="47" hits="0" branch="False" />
                <line number="48" hits="0" branch="False" />
                <line number="49" hits="0" branch="False" />
                <line number="50" hits="1" branch="False" />
              </lines>
            </method>
          </methods>
          <lines>
            <line number="4" hits="1" branch="False" />
            <line number="7" hits="1" branch="False" />
            <line number="10" hits="1" branch="False" />
            <line number="11" hits="1" branch="False" />
            <line number="12" hits="1" branch="False" />
            <line number="14" hits="1" branch="False" />
            <line number="53" hits="1" branch="True" condition-coverage="50% (1/2)">
              <conditions>
                <condition number="92" type="jump" coverage="50%" />
              </conditions>
            </line>
            <line number="54" hits="0" branch="False" />
            <line number="55" hits="0" branch="False" />
            <line number="56" hits="0" branch="False" />
            <line number="58" hits="1" branch="False" />
            <line number="59" hits="1" branch="False" />
            <line number="60" hits="1" branch="False" />
            <line number="62" hits="1" branch="False" />
            <line number="64" hits="1" branch="False" />
            <line number="66" hits="1" branch="False" />
            <line number="68" hits="1" branch="False" />
            <line number="70" hits="1" branch="False" />
            <line number="18" hits="1" branch="False" />
            <line number="20" hits="1" branch="False" />
            <line number="21" hits="1" branch="True" condition-coverage="50% (1/2)">
              <conditions>
                <condition number="23" type="jump" coverage="50%" />
              </conditions>
            </line>
            <line number="22" hits="1" branch="False" />
            <line number="23" hits="1" branch="False" />
            <line number="24" hits="1" branch="False" />
            <line number="28" hits="0" branch="False" />
            <line number="29" hits="0" branch="True" condition-coverage="0% (0/2)">
              <conditions>
                <condition number="67" type="jump" coverage="0%" />
              </conditions>
            </line>
            <line number="30" hits="0" branch="False" />
            <line number="32" hits="0" branch="True" condition-coverage="0% (0/2)">
              <conditions>
                <condition number="81" type="jump" coverage="0%" />
              </conditions>
            </line>
            <line number="33" hits="0" branch="False" />
            <line number="35" hits="0" branch="True" condition-coverage="0% (0/2)">
              <conditions>
                <condition number="108" type="jump" coverage="0%" />
              </conditions>
            </line>
            <line number="36" hits="0" branch="False" />
            <line number="37" hits="0" branch="False" />
            <line number="38" hits="0" branch="False" />
            <line number="40" hits="0" branch="False" />
            <line number="41" hits="0" branch="False" />
            <line number="42" hits="0" branch="False" />
            <line number="43" hits="0" branch="False" />
            <line number="47" hits="0" branch="False" />
            <line number="48" hits="0" branch="False" />
            <line number="49" hits="0" branch="False" />
            <line number="50" hits="1" branch="False" />
          </lines>
        </class>
        <class name="myWebApp.Pages.ErrorModel" filename="Pages/Error.cshtml.cs" line-rate="0" branch-rate="0" complexity="7">
          <methods>
            <method name="get_RequestId" signature="()" line-rate="0" branch-rate="1" complexity="1">
              <lines>
                <line number="11" hits="0" branch="False" />
              </lines>
            </method>
            <method name="get_ShowRequestId" signature="()" line-rate="0" branch-rate="1" complexity="1">
              <lines>
                <line number="13" hits="0" branch="False" />
              </lines>
            </method>
            <method name="OnGet" signature="()" line-rate="0" branch-rate="0" complexity="4">
              <lines>
                <line number="23" hits="0" branch="False" />
                <line number="24" hits="0" branch="True" condition-coverage="0% (0/4)">
                  <conditions>
                    <condition number="8" type="jump" coverage="0%" />
                    <condition number="20" type="jump" coverage="0%" />
                  </conditions>
                </line>
                <line number="25" hits="0" branch="False" />
              </lines>
            </method>
            <method name=".ctor" signature="(Microsoft.Extensions.Logging.ILogger`1&lt;myWebApp.Pages.ErrorModel&gt;)" line-rate="0" branch-rate="1" complexity="1">
              <lines>
                <line number="17" hits="0" branch="False" />
                <line number="18" hits="0" branch="False" />
                <line number="19" hits="0" branch="False" />
                <line number="20" hits="0" branch="False" />
              </lines>
            </method>
          </methods>
          <lines>
            <line number="11" hits="0" branch="False" />
            <line number="13" hits="0" branch="False" />
            <line number="23" hits="0" branch="False" />
            <line number="24" hits="0" branch="True" condition-coverage="0% (0/4)">
              <conditions>
                <condition number="8" type="jump" coverage="0%" />
                <condition number="20" type="jump" coverage="0%" />
              </conditions>
            </line>
            <line number="25" hits="0" branch="False" />
            <line number="17" hits="0" branch="False" />
            <line number="18" hits="0" branch="False" />
            <line number="19" hits="0" branch="False" />
            <line number="20" hits="0" branch="False" />
          </lines>
        </class>
        <class name="myWebApp.Pages.IndexModel" filename="Pages/Index.cshtml.cs" line-rate="1" branch-rate="1" complexity="2">
          <methods>
            <method name="OnGet" signature="()" line-rate="1" branch-rate="1" complexity="1">
              <lines>
                <line number="16" hits="1" branch="False" />
                <line number="18" hits="1" branch="False" />
              </lines>
            </method>
            <method name=".ctor" signature="(Microsoft.Extensions.Logging.ILogger`1&lt;myWebApp.Pages.IndexModel&gt;)" line-rate="1" branch-rate="1" complexity="1">
              <lines>
                <line number="10" hits="1" branch="False" />
                <line number="11" hits="1" branch="False" />
                <line number="12" hits="1" branch="False" />
                <line number="13" hits="1" branch="False" />
              </lines>
            </method>
          </methods>
          <lines>
            <line number="16" hits="1" branch="False" />
            <line number="18" hits="1" branch="False" />
            <line number="10" hits="1" branch="False" />
            <line number="11" hits="1" branch="False" />
            <line number="12" hits="1" branch="False" />
            <line number="13" hits="1" branch="False" />
          </lines>
        </class>
        <class name="myWebApp.Pages.PrivacyModel" filename="Pages/Privacy.cshtml.cs" line-rate="0" branch-rate="1" complexity="2">
          <methods>
            <method name="OnGet" signature="()" line-rate="0" branch-rate="1" complexity="1">
              <lines>
                <line number="16" hits="0" branch="False" />
                <line number="17" hits="0" branch="False" />
              </lines>
            </method>
            <method name=".ctor" signature="(Microsoft.Extensions.Logging.ILogger`1&lt;myWebApp.Pages.PrivacyModel&gt;)" line-rate="0" branch-rate="1" complexity="1">
              <lines>
                <line number="10" hits="0" branch="False" />
                <line number="11" hits="0" branch="False" />
                <line number="12" hits="0" branch="False" />
                <line number="13" hits="0" branch="False" />
              </lines>
            </method>
          </methods>
          <lines>
            <line number="16" hits="0" branch="False" />
            <line number="17" hits="0" branch="False" />
            <line number="10" hits="0" branch="False" />
            <line number="11" hits="0" branch="False" />
            <line number="12" hits="0" branch="False" />
            <line number="13" hits="0" branch="False" />
          </lines>
        </class>
        <class name="myWebApp.Pages.Pages_Error/&lt;ExecuteAsync&gt;d__0" filename="Pages/Error.cshtml" line-rate="0" branch-rate="0" complexity="2">
          <methods>
            <method name="MoveNext" signature="()" line-rate="0" branch-rate="0" complexity="2">
              <lines>
                <line number="4" hits="0" branch="False" />
                <line number="10" hits="0" branch="True" condition-coverage="0% (0/2)">
                  <conditions>
                    <condition number="70" type="jump" coverage="0%" />
                  </conditions>
                </line>
                <line number="11" hits="0" branch="False" />
                <line number="13" hits="0" branch="False" />
                <line number="15" hits="0" branch="False" />
              </lines>
            </method>
          </methods>
          <lines>
            <line number="4" hits="0" branch="False" />
            <line number="10" hits="0" branch="True" condition-coverage="0% (0/2)">
              <conditions>
                <condition number="70" type="jump" coverage="0%" />
              </conditions>
            </line>
            <line number="11" hits="0" branch="False" />
            <line number="13" hits="0" branch="False" />
            <line number="15" hits="0" branch="False" />
          </lines>
        </class>
        <class name="myWebApp.Pages.Pages_Index/&lt;ExecuteAsync&gt;d__0" filename="Pages/Index.cshtml" line-rate="1" branch-rate="1" complexity="1">
          <methods>
            <method name="MoveNext" signature="()" line-rate="1" branch-rate="1" complexity="1">
              <lines>
                <line number="4" hits="1" branch="False" />
              </lines>
            </method>
          </methods>
          <lines>
            <line number="4" hits="1" branch="False" />
          </lines>
        </class>
        <class name="myWebApp.Pages.Pages_Privacy/&lt;ExecuteAsync&gt;d__0" filename="Pages/Privacy.cshtml" line-rate="0" branch-rate="1" complexity="1">
          <methods>
            <method name="MoveNext" signature="()" line-rate="0" branch-rate="1" complexity="1">
              <lines>
                <line number="4" hits="0" branch="False" />
                <line number="6" hits="0" branch="False" />
              </lines>
            </method>
          </methods>
          <lines>
            <line number="4" hits="0" branch="False" />
            <line number="6" hits="0" branch="False" />
          </lines>
        </class>
        <class name="myWebApp.Pages.Pages__ViewStart/&lt;ExecuteAsync&gt;d__0" filename="Pages/_ViewStart.cshtml" line-rate="1" branch-rate="1" complexity="1">
          <methods>
            <method name="MoveNext" signature="()" line-rate="1" branch-rate="1" complexity="1">
              <lines>
                <line number="2" hits="4" branch="False" />
              </lines>
            </method>
          </methods>
          <lines>
            <line number="2" hits="4" branch="False" />
          </lines>
        </class>
        <class name="myWebApp.Pages.Shared.Pages_Shared__Layout/&lt;&lt;ExecuteAsync&gt;b__25_0&gt;d" filename="Pages/Shared/_Layout.cshtml" line-rate="1" branch-rate="1" complexity="6">
          <methods>
            <method name="MoveNext" signature="()" line-rate="1" branch-rate="1" complexity="6">
              <lines>
                <line number="6" hits="4" branch="True" condition-coverage="100% (2/2)">
                  <conditions>
                    <condition number="443" type="jump" coverage="100%" />
                  </conditions>
                </line>
                <line number="8" hits="4" branch="True" condition-coverage="100% (2/2)">
                  <conditions>
                    <condition number="1088" type="jump" coverage="100%" />
                  </conditions>
                </line>
                <line number="9" hits="4" branch="True" condition-coverage="100% (2/2)">
                  <conditions>
                    <condition number="1733" type="jump" coverage="100%" />
                  </conditions>
                </line>
              </lines>
            </method>
          </methods>
          <lines>
            <line number="6" hits="4" branch="True" condition-coverage="100% (2/2)">
              <conditions>
                <condition number="443" type="jump" coverage="100%" />
              </conditions>
            </line>
            <line number="8" hits="4" branch="True" condition-coverage="100% (2/2)">
              <conditions>
                <condition number="1088" type="jump" coverage="100%" />
              </conditions>
            </line>
            <line number="9" hits="4" branch="True" condition-coverage="100% (2/2)">
              <conditions>
                <condition number="1733" type="jump" coverage="100%" />
              </conditions>
            </line>
          </lines>
        </class>
        <class name="myWebApp.Pages.Shared.Pages_Shared__Layout/&lt;&lt;ExecuteAsync&gt;b__25_1&gt;d" filename="Pages/Shared/_Layout.cshtml" line-rate="0.4545" branch-rate="0.9" complexity="20">
          <methods>
            <method name="MoveNext" signature="()" line-rate="0.4545" branch-rate="0.9" complexity="20">
              <lines>
                <line number="39" hits="4" branch="True" condition-coverage="90% (9/10)">
                  <conditions>
                    <condition number="564" type="jump" coverage="100%" />
                    <condition number="1132" type="jump" coverage="100%" />
                    <condition number="1700" type="jump" coverage="100%" />
                    <condition number="2268" type="jump" coverage="100%" />
                    <condition number="2481" type="jump" coverage="50%" />
                  </conditions>
                </line>
                <line number="40" hits="0" branch="False" />
                <line number="42" hits="0" branch="False" />
                <line number="45" hits="0" branch="False" />
                <line number="46" hits="4" branch="True" condition-coverage="50% (1/2)">
                  <conditions>
                    <condition number="2580" type="jump" coverage="50%" />
                  </conditions>
                </line>
                <line number="47" hits="0" branch="False" />
                <line number="49" hits="0" branch="False" />
                <line number="52" hits="0" branch="False" />
                <line number="53" hits="4" branch="True" condition-coverage="100% (6/6)">
                  <conditions>
                    <condition number="3069" type="jump" coverage="100%" />
                    <condition number="3545" type="jump" coverage="100%" />
                    <condition number="4021" type="jump" coverage="100%" />
                  </conditions>
                </line>
                <line number="65" hits="4" branch="True" condition-coverage="100% (2/2)">
                  <conditions>
                    <condition number="4646" type="jump" coverage="100%" />
                  </conditions>
                </line>
                <line number="67" hits="4" branch="False" />
              </lines>
            </method>
          </methods>
          <lines>
            <line number="39" hits="4" branch="True" condition-coverage="90% (9/10)">
              <conditions>
                <condition number="564" type="jump" coverage="100%" />
                <condition number="1132" type="jump" coverage="100%" />
                <condition number="1700" type="jump" coverage="100%" />
                <condition number="2268" type="jump" coverage="100%" />
                <condition number="2481" type="jump" coverage="50%" />
              </conditions>
            </line>
            <line number="40" hits="0" branch="False" />
            <line number="42" hits="0" branch="False" />
            <line number="45" hits="0" branch="False" />
            <line number="46" hits="4" branch="True" condition-coverage="50% (1/2)">
              <conditions>
                <condition number="2580" type="jump" coverage="50%" />
              </conditions>
            </line>
            <line number="47" hits="0" branch="False" />
            <line number="49" hits="0" branch="False" />
            <line number="52" hits="0" branch="False" />
            <line number="53" hits="4" branch="True" condition-coverage="100% (6/6)">
              <conditions>
                <condition number="3069" type="jump" coverage="100%" />
                <condition number="3545" type="jump" coverage="100%" />
                <condition number="4021" type="jump" coverage="100%" />
              </conditions>
            </line>
            <line number="65" hits="4" branch="True" condition-coverage="100% (2/2)">
              <conditions>
                <condition number="4646" type="jump" coverage="100%" />
              </conditions>
            </line>
            <line number="67" hits="4" branch="False" />
          </lines>
        </class>
        <class name="myWebApp.Pages.Things.CreateModel" filename="Pages/Things/Create.cshtml.cs" line-rate="1" branch-rate="1" complexity="3">
          <methods>
            <method name="OnGet" signature="()" line-rate="1" branch-rate="1" complexity="1">
              <lines>
                <line number="18" hits="1" branch="False" />
                <line number="19" hits="1" branch="False" />
                <line number="20" hits="1" branch="False" />
              </lines>
            </method>
            <method name="get_Thing" signature="()" line-rate="1" branch-rate="1" complexity="1">
              <lines>
                <line number="23" hits="3" branch="False" />
              </lines>
            </method>
            <method name=".ctor" signature="(myWebApp.Data.ApplicationDbContext)" line-rate="1" branch-rate="1" complexity="1">
              <lines>
                <line number="12" hits="1" branch="False" />
                <line number="13" hits="1" branch="False" />
                <line number="14" hits="1" branch="False" />
                <line number="15" hits="1" branch="False" />
              </lines>
            </method>
          </methods>
          <lines>
            <line number="18" hits="1" branch="False" />
            <line number="19" hits="1" branch="False" />
            <line number="20" hits="1" branch="False" />
            <line number="23" hits="3" branch="False" />
            <line number="12" hits="1" branch="False" />
            <line number="13" hits="1" branch="False" />
            <line number="14" hits="1" branch="False" />
            <line number="15" hits="1" branch="False" />
          </lines>
        </class>
        <class name="myWebApp.Pages.Things.CreateModel/&lt;OnPostAsync&gt;d__7" filename="Pages/Things/Create.cshtml.cs" line-rate="0" branch-rate="0" complexity="2">
          <methods>
            <method name="MoveNext" signature="()" line-rate="0" branch-rate="0" complexity="2">
              <lines>
                <line number="26" hits="0" branch="False" />
                <line number="27" hits="0" branch="True" condition-coverage="0% (0/2)">
                  <conditions>
                    <condition number="39" type="jump" coverage="0%" />
                  </conditions>
                </line>
                <line number="28" hits="0" branch="False" />
                <line number="29" hits="0" branch="False" />
                <line number="32" hits="0" branch="False" />
                <line number="33" hits="0" branch="False" />
                <line number="34" hits="0" branch="False" />
                <line number="35" hits="0" branch="False" />
                <line number="37" hits="0" branch="False" />
                <line number="38" hits="0" branch="False" />
                <line number="39" hits="0" branch="False" />
              </lines>
            </method>
          </methods>
          <lines>
            <line number="26" hits="0" branch="False" />
            <line number="27" hits="0" branch="True" condition-coverage="0% (0/2)">
              <conditions>
                <condition number="39" type="jump" coverage="0%" />
              </conditions>
            </line>
            <line number="28" hits="0" branch="False" />
            <line number="29" hits="0" branch="False" />
            <line number="32" hits="0" branch="False" />
            <line number="33" hits="0" branch="False" />
            <line number="34" hits="0" branch="False" />
            <line number="35" hits="0" branch="False" />
            <line number="37" hits="0" branch="False" />
            <line number="38" hits="0" branch="False" />
            <line number="39" hits="0" branch="False" />
          </lines>
        </class>
        <class name="myWebApp.Pages.Things.DeleteModel" filename="Pages/Things/Delete.cshtml.cs" line-rate="0" branch-rate="1" complexity="2">
          <methods>
            <method name="get_Thing" signature="()" line-rate="0" branch-rate="1" complexity="1">
              <lines>
                <line number="19" hits="0" branch="False" />
              </lines>
            </method>
            <method name=".ctor" signature="(myWebApp.Data.ApplicationDbContext)" line-rate="0" branch-rate="1" complexity="1">
              <lines>
                <line number="13" hits="0" branch="False" />
                <line number="14" hits="0" branch="False" />
                <line number="15" hits="0" branch="False" />
                <line number="16" hits="0" branch="False" />
              </lines>
            </method>
          </methods>
          <lines>
            <line number="19" hits="0" branch="False" />
            <line number="13" hits="0" branch="False" />
            <line number="14" hits="0" branch="False" />
            <line number="15" hits="0" branch="False" />
            <line number="16" hits="0" branch="False" />
          </lines>
        </class>
        <class name="myWebApp.Pages.Things.DeleteModel/&lt;OnGetAsync&gt;d__6" filename="Pages/Things/Delete.cshtml.cs" line-rate="0" branch-rate="0" complexity="4">
          <methods>
            <method name="MoveNext" signature="()" line-rate="0" branch-rate="0" complexity="4">
              <lines>
                <line number="22" hits="0" branch="False" />
                <line number="23" hits="0" branch="True" condition-coverage="0% (0/2)">
                  <conditions>
                    <condition number="67" type="jump" coverage="0%" />
                  </conditions>
                </line>
                <line number="24" hits="0" branch="False" />
                <line number="25" hits="0" branch="False" />
                <line number="28" hits="0" branch="False" />
                <line number="30" hits="0" branch="True" condition-coverage="0% (0/2)">
                  <conditions>
                    <condition number="362" type="jump" coverage="0%" />
                  </conditions>
                </line>
                <line number="31" hits="0" branch="False" />
                <line number="32" hits="0" branch="False" />
                <line number="35" hits="0" branch="False" />
                <line number="36" hits="0" branch="False" />
                <line number="37" hits="0" branch="False" />
              </lines>
            </method>
          </methods>
          <lines>
            <line number="22" hits="0" branch="False" />
            <line number="23" hits="0" branch="True" condition-coverage="0% (0/2)">
              <conditions>
                <condition number="67" type="jump" coverage="0%" />
              </conditions>
            </line>
            <line number="24" hits="0" branch="False" />
            <line number="25" hits="0" branch="False" />
            <line number="28" hits="0" branch="False" />
            <line number="30" hits="0" branch="True" condition-coverage="0% (0/2)">
              <conditions>
                <condition number="362" type="jump" coverage="0%" />
              </conditions>
            </line>
            <line number="31" hits="0" branch="False" />
            <line number="32" hits="0" branch="False" />
            <line number="35" hits="0" branch="False" />
            <line number="36" hits="0" branch="False" />
            <line number="37" hits="0" branch="False" />
          </lines>
        </class>
        <class name="myWebApp.Pages.Things.DeleteModel/&lt;OnPostAsync&gt;d__7" filename="Pages/Things/Delete.cshtml.cs" line-rate="0" branch-rate="0" complexity="4">
          <methods>
            <method name="MoveNext" signature="()" line-rate="0" branch-rate="0" complexity="4">
              <lines>
                <line number="40" hits="0" branch="False" />
                <line number="41" hits="0" branch="True" condition-coverage="0% (0/2)">
                  <conditions>
                    <condition number="45" type="jump" coverage="0%" />
                  </conditions>
                </line>
                <line number="42" hits="0" branch="False" />
                <line number="43" hits="0" branch="False" />
                <line number="46" hits="0" branch="False" />
                <line number="47" hits="0" branch="True" condition-coverage="0% (0/2)">
                  <conditions>
                    <condition number="238" type="jump" coverage="0%" />
                  </conditions>
                </line>
                <line number="48" hits="0" branch="False" />
                <line number="49" hits="0" branch="False" />
                <line number="50" hits="0" branch="False" />
                <line number="51" hits="0" branch="False" />
                <line number="52" hits="0" branch="False" />
                <line number="53" hits="0" branch="False" />
                <line number="55" hits="0" branch="False" />
                <line number="56" hits="0" branch="False" />
              </lines>
            </method>
          </methods>
          <lines>
            <line number="40" hits="0" branch="False" />
            <line number="41" hits="0" branch="True" condition-coverage="0% (0/2)">
              <conditions>
                <condition number="45" type="jump" coverage="0%" />
              </conditions>
            </line>
            <line number="42" hits="0" branch="False" />
            <line number="43" hits="0" branch="False" />
            <line number="46" hits="0" branch="False" />
            <line number="47" hits="0" branch="True" condition-coverage="0% (0/2)">
              <conditions>
                <condition number="238" type="jump" coverage="0%" />
              </conditions>
            </line>
            <line number="48" hits="0" branch="False" />
            <line number="49" hits="0" branch="False" />
            <line number="50" hits="0" branch="False" />
            <line number="51" hits="0" branch="False" />
            <line number="52" hits="0" branch="False" />
            <line number="53" hits="0" branch="False" />
            <line number="55" hits="0" branch="False" />
            <line number="56" hits="0" branch="False" />
          </lines>
        </class>
        <class name="myWebApp.Pages.Things.DetailsModel" filename="Pages/Things/Details.cshtml.cs" line-rate="0" branch-rate="1" complexity="2">
          <methods>
            <method name="get_Thing" signature="()" line-rate="0" branch-rate="1" complexity="1">
              <lines>
                <line number="18" hits="0" branch="False" />
              </lines>
            </method>
            <method name=".ctor" signature="(myWebApp.Data.ApplicationDbContext)" line-rate="0" branch-rate="1" complexity="1">
              <lines>
                <line number="13" hits="0" branch="False" />
                <line number="14" hits="0" branch="False" />
                <line number="15" hits="0" branch="False" />
                <line number="16" hits="0" branch="False" />
              </lines>
            </method>
          </methods>
          <lines>
            <line number="18" hits="0" branch="False" />
            <line number="13" hits="0" branch="False" />
            <line number="14" hits="0" branch="False" />
            <line number="15" hits="0" branch="False" />
            <line number="16" hits="0" branch="False" />
          </lines>
        </class>
        <class name="myWebApp.Pages.Things.DetailsModel/&lt;OnGetAsync&gt;d__6" filename="Pages/Things/Details.cshtml.cs" line-rate="0" branch-rate="0" complexity="4">
          <methods>
            <method name="MoveNext" signature="()" line-rate="0" branch-rate="0" complexity="4">
              <lines>
                <line number="21" hits="0" branch="False" />
                <line number="22" hits="0" branch="True" condition-coverage="0% (0/2)">
                  <conditions>
                    <condition number="67" type="jump" coverage="0%" />
                  </conditions>
                </line>
                <line number="23" hits="0" branch="False" />
                <line number="24" hits="0" branch="False" />
                <line number="27" hits="0" branch="False" />
                <line number="29" hits="0" branch="True" condition-coverage="0% (0/2)">
                  <conditions>
                    <condition number="362" type="jump" coverage="0%" />
                  </conditions>
                </line>
                <line number="30" hits="0" branch="False" />
                <line number="31" hits="0" branch="False" />
                <line number="34" hits="0" branch="False" />
                <line number="35" hits="0" branch="False" />
                <line number="36" hits="0" branch="False" />
              </lines>
            </method>
          </methods>
          <lines>
            <line number="21" hits="0" branch="False" />
            <line number="22" hits="0" branch="True" condition-coverage="0% (0/2)">
              <conditions>
                <condition number="67" type="jump" coverage="0%" />
              </conditions>
            </line>
            <line number="23" hits="0" branch="False" />
            <line number="24" hits="0" branch="False" />
            <line number="27" hits="0" branch="False" />
            <line number="29" hits="0" branch="True" condition-coverage="0% (0/2)">
              <conditions>
                <condition number="362" type="jump" coverage="0%" />
              </conditions>
            </line>
            <line number="30" hits="0" branch="False" />
            <line number="31" hits="0" branch="False" />
            <line number="34" hits="0" branch="False" />
            <line number="35" hits="0" branch="False" />
            <line number="36" hits="0" branch="False" />
          </lines>
        </class>
        <class name="myWebApp.Pages.Things.EditModel" filename="Pages/Things/Edit.cshtml.cs" line-rate="0" branch-rate="1" complexity="3">
          <methods>
            <method name="get_Thing" signature="()" line-rate="0" branch-rate="1" complexity="1">
              <lines>
                <line number="19" hits="0" branch="False" />
              </lines>
            </method>
            <method name="ThingExists" signature="(System.Int32)" line-rate="0" branch-rate="1" complexity="1">
              <lines>
                <line number="79" hits="0" branch="False" />
                <line number="80" hits="0" branch="False" />
                <line number="81" hits="0" branch="False" />
              </lines>
            </method>
            <method name=".ctor" signature="(myWebApp.Data.ApplicationDbContext)" line-rate="0" branch-rate="1" complexity="1">
              <lines>
                <line number="13" hits="0" branch="False" />
                <line number="14" hits="0" branch="False" />
                <line number="15" hits="0" branch="False" />
                <line number="16" hits="0" branch="False" />
              </lines>
            </method>
          </methods>
          <lines>
            <line number="19" hits="0" branch="False" />
            <line number="79" hits="0" branch="False" />
            <line number="80" hits="0" branch="False" />
            <line number="81" hits="0" branch="False" />
            <line number="13" hits="0" branch="False" />
            <line number="14" hits="0" branch="False" />
            <line number="15" hits="0" branch="False" />
            <line number="16" hits="0" branch="False" />
          </lines>
        </class>
        <class name="myWebApp.Pages.Things.EditModel/&lt;OnGetAsync&gt;d__6" filename="Pages/Things/Edit.cshtml.cs" line-rate="0" branch-rate="0" complexity="4">
          <methods>
            <method name="MoveNext" signature="()" line-rate="0" branch-rate="0" complexity="4">
              <lines>
                <line number="22" hits="0" branch="False" />
                <line number="23" hits="0" branch="True" condition-coverage="0% (0/2)">
                  <conditions>
                    <condition number="67" type="jump" coverage="0%" />
                  </conditions>
                </line>
                <line number="24" hits="0" branch="False" />
                <line number="25" hits="0" branch="False" />
                <line number="28" hits="0" branch="False" />
                <line number="30" hits="0" branch="True" condition-coverage="0% (0/2)">
                  <conditions>
                    <condition number="362" type="jump" coverage="0%" />
                  </conditions>
                </line>
                <line number="31" hits="0" branch="False" />
                <line number="32" hits="0" branch="False" />
                <line number="35" hits="0" branch="False" />
                <line number="36" hits="0" branch="False" />
                <line number="37" hits="0" branch="False" />
              </lines>
            </method>
          </methods>
          <lines>
            <line number="22" hits="0" branch="False" />
            <line number="23" hits="0" branch="True" condition-coverage="0% (0/2)">
              <conditions>
                <condition number="67" type="jump" coverage="0%" />
              </conditions>
            </line>
            <line number="24" hits="0" branch="False" />
            <line number="25" hits="0" branch="False" />
            <line number="28" hits="0" branch="False" />
            <line number="30" hits="0" branch="True" condition-coverage="0% (0/2)">
              <conditions>
                <condition number="362" type="jump" coverage="0%" />
              </conditions>
            </line>
            <line number="31" hits="0" branch="False" />
            <line number="32" hits="0" branch="False" />
            <line number="35" hits="0" branch="False" />
            <line number="36" hits="0" branch="False" />
            <line number="37" hits="0" branch="False" />
          </lines>
        </class>
        <class name="myWebApp.Pages.Things.EditModel/&lt;OnPostAsync&gt;d__7" filename="Pages/Things/Edit.cshtml.cs" line-rate="0" branch-rate="0" complexity="6">
          <methods>
            <method name="MoveNext" signature="()" line-rate="0" branch-rate="0" complexity="6">
              <lines>
                <line number="40" hits="0" branch="False" />
                <line number="41" hits="0" branch="True" condition-coverage="0% (0/2)">
                  <conditions>
                    <condition number="50" type="jump" coverage="0%" />
                  </conditions>
                </line>
                <line number="42" hits="0" branch="False" />
                <line number="43" hits="0" branch="False" />
                <line number="47" hits="0" branch="False" />
                <line number="48" hits="0" branch="True" condition-coverage="0% (0/2)">
                  <conditions>
                    <condition number="253" type="jump" coverage="0%" />
                  </conditions>
                </line>
                <line number="49" hits="0" branch="False" />
                <line number="50" hits="0" branch="False" />
                <line number="54" hits="0" branch="False" />
                <line number="55" hits="0" branch="False" />
                <line number="56" hits="0" branch="False" />
                <line number="59" hits="0" branch="False" />
                <line number="60" hits="0" branch="False" />
                <line number="61" hits="0" branch="False" />
                <line number="62" hits="0" branch="False" />
                <line number="63" hits="0" branch="False" />
                <line number="64" hits="0" branch="False" />
                <line number="65" hits="0" branch="True" condition-coverage="0% (0/2)">
                  <conditions>
                    <condition number="542" type="jump" coverage="0%" />
                  </conditions>
                </line>
                <line number="66" hits="0" branch="False" />
                <line number="67" hits="0" branch="False" />
                <line number="70" hits="0" branch="False" />
                <line number="71" hits="0" branch="False" />
                <line number="75" hits="0" branch="False" />
                <line number="76" hits="0" branch="False" />
              </lines>
            </method>
          </methods>
          <lines>
            <line number="40" hits="0" branch="False" />
            <line number="41" hits="0" branch="True" condition-coverage="0% (0/2)">
              <conditions>
                <condition number="50" type="jump" coverage="0%" />
              </conditions>
            </line>
            <line number="42" hits="0" branch="False" />
            <line number="43" hits="0" branch="False" />
            <line number="47" hits="0" branch="False" />
            <line number="48" hits="0" branch="True" condition-coverage="0% (0/2)">
              <conditions>
                <condition number="253" type="jump" coverage="0%" />
              </conditions>
            </line>
            <line number="49" hits="0" branch="False" />
            <line number="50" hits="0" branch="False" />
            <line number="54" hits="0" branch="False" />
            <line number="55" hits="0" branch="False" />
            <line number="56" hits="0" branch="False" />
            <line number="59" hits="0" branch="False" />
            <line number="60" hits="0" branch="False" />
            <line number="61" hits="0" branch="False" />
            <line number="62" hits="0" branch="False" />
            <line number="63" hits="0" branch="False" />
            <line number="64" hits="0" branch="False" />
            <line number="65" hits="0" branch="True" condition-coverage="0% (0/2)">
              <conditions>
                <condition number="542" type="jump" coverage="0%" />
              </conditions>
            </line>
            <line number="66" hits="0" branch="False" />
            <line number="67" hits="0" branch="False" />
            <line number="70" hits="0" branch="False" />
            <line number="71" hits="0" branch="False" />
            <line number="75" hits="0" branch="False" />
            <line number="76" hits="0" branch="False" />
          </lines>
        </class>
        <class name="myWebApp.Pages.Things.IndexModel" filename="Pages/Things/Index.cshtml.cs" line-rate="0.38880000000000003" branch-rate="0" complexity="16">
          <methods>
            <method name="get_Things" signature="()" line-rate="1" branch-rate="1" complexity="1">
              <lines>
                <line number="18" hits="6" branch="False" />
              </lines>
            </method>
            <method name="get_SortField" signature="()" line-rate="1" branch-rate="1" complexity="1">
              <lines>
                <line number="21" hits="4" branch="False" />
              </lines>
            </method>
            <method name="get_SortDirection" signature="()" line-rate="1" branch-rate="1" complexity="1">
              <lines>
                <line number="24" hits="4" branch="False" />
              </lines>
            </method>
            <method name="GetSortDirection" signature="(System.String)" line-rate="0" branch-rate="0" complexity="6">
              <lines>
                <line number="52" hits="0" branch="False" />
                <line number="53" hits="0" branch="True" condition-coverage="0% (0/4)">
                  <conditions>
                    <condition number="8" type="jump" coverage="0%" />
                    <condition number="32" type="jump" coverage="0%" />
                  </conditions>
                </line>
                <line number="54" hits="0" branch="False" />
                <line number="55" hits="0" branch="True" condition-coverage="0% (0/2)">
                  <conditions>
                    <condition number="51" type="jump" coverage="0%" />
                  </conditions>
                </line>
                <line number="57" hits="0" branch="False" />
                <line number="58" hits="0" branch="False" />
              </lines>
            </method>
            <method name="GetSortIcon" signature="(System.String)" line-rate="0" branch-rate="0" complexity="6">
              <lines>
                <line number="61" hits="0" branch="False" />
                <line number="62" hits="0" branch="True" condition-coverage="0% (0/4)">
                  <conditions>
                    <condition number="8" type="jump" coverage="0%" />
                    <condition number="32" type="jump" coverage="0%" />
                  </conditions>
                </line>
                <line number="63" hits="0" branch="False" />
                <line number="65" hits="0" branch="True" condition-coverage="0% (0/2)">
                  <conditions>
                    <condition number="58" type="jump" coverage="0%" />
                  </conditions>
                </line>
                <line number="66" hits="0" branch="False" />
              </lines>
            </method>
            <method name=".ctor" signature="(myWebApp.Data.ApplicationDbContext)" line-rate="1" branch-rate="1" complexity="1">
              <lines>
                <line number="13" hits="2" branch="False" />
                <line number="14" hits="2" branch="False" />
                <line number="15" hits="2" branch="False" />
                <line number="16" hits="2" branch="False" />
              </lines>
            </method>
          </methods>
          <lines>
            <line number="18" hits="6" branch="False" />
            <line number="21" hits="4" branch="False" />
            <line number="24" hits="4" branch="False" />
            <line number="52" hits="0" branch="False" />
            <line number="53" hits="0" branch="True" condition-coverage="0% (0/4)">
              <conditions>
                <condition number="8" type="jump" coverage="0%" />
                <condition number="32" type="jump" coverage="0%" />
              </conditions>
            </line>
            <line number="54" hits="0" branch="False" />
            <line number="55" hits="0" branch="True" condition-coverage="0% (0/2)">
              <conditions>
                <condition number="51" type="jump" coverage="0%" />
              </conditions>
            </line>
            <line number="57" hits="0" branch="False" />
            <line number="58" hits="0" branch="False" />
            <line number="61" hits="0" branch="False" />
            <line number="62" hits="0" branch="True" condition-coverage="0% (0/4)">
              <conditions>
                <condition number="8" type="jump" coverage="0%" />
                <condition number="32" type="jump" coverage="0%" />
              </conditions>
            </line>
            <line number="63" hits="0" branch="False" />
            <line number="65" hits="0" branch="True" condition-coverage="0% (0/2)">
              <conditions>
                <condition number="58" type="jump" coverage="0%" />
              </conditions>
            </line>
            <line number="66" hits="0" branch="False" />
            <line number="13" hits="2" branch="False" />
            <line number="14" hits="2" branch="False" />
            <line number="15" hits="2" branch="False" />
            <line number="16" hits="2" branch="False" />
          </lines>
        </class>
        <class name="myWebApp.Pages.Things.IndexModel/&lt;OnGetAsync&gt;d__14" filename="Pages/Things/Index.cshtml.cs" line-rate="0.5" branch-rate="0.2777" complexity="18">
          <methods>
            <method name="MoveNext" signature="()" line-rate="0.5" branch-rate="0.2777" complexity="18">
              <lines>
                <line number="27" hits="2" branch="False" />
                <line number="28" hits="2" branch="False" />
                <line number="31" hits="2" branch="True" condition-coverage="40% (4/10)">
                  <conditions>
                    <condition number="58" type="jump" coverage="50%" />
                    <condition number="96" type="jump" coverage="50%" />
                    <condition number="109" type="jump" coverage="50%" />
                    <condition number="125" type="jump" coverage="50%" />
                    <condition number="141" type="jump" coverage="0%" />
                  </conditions>
                </line>
                <line number="32" hits="2" branch="False" />
                <line number="33" hits="0" branch="True" condition-coverage="0% (0/2)">
                  <conditions>
                    <condition number="172" type="jump" coverage="0%" />
                  </conditions>
                </line>
                <line number="34" hits="0" branch="False" />
                <line number="35" hits="0" branch="False" />
                <line number="36" hits="0" branch="True" condition-coverage="0% (0/2)">
                  <conditions>
                    <condition number="339" type="jump" coverage="0%" />
                  </conditions>
                </line>
                <line number="37" hits="0" branch="False" />
                <line number="38" hits="0" branch="False" />
                <line number="39" hits="2" branch="True" condition-coverage="50% (1/2)">
                  <conditions>
                    <condition number="506" type="jump" coverage="50%" />
                  </conditions>
                </line>
                <line number="40" hits="2" branch="False" />
                <line number="41" hits="2" branch="False" />
                <line number="42" hits="0" branch="True" condition-coverage="0% (0/2)">
                  <conditions>
                    <condition number="673" type="jump" coverage="0%" />
                  </conditions>
                </line>
                <line number="43" hits="0" branch="False" />
                <line number="44" hits="0" branch="False" />
                <line number="45" hits="0" branch="False" />
                <line number="46" hits="2" branch="False" />
                <line number="48" hits="2" branch="False" />
                <line number="49" hits="2" branch="False" />
              </lines>
            </method>
          </methods>
          <lines>
            <line number="27" hits="2" branch="False" />
            <line number="28" hits="2" branch="False" />
            <line number="31" hits="2" branch="True" condition-coverage="40% (4/10)">
              <conditions>
                <condition number="58" type="jump" coverage="50%" />
                <condition number="96" type="jump" coverage="50%" />
                <condition number="109" type="jump" coverage="50%" />
                <condition number="125" type="jump" coverage="50%" />
                <condition number="141" type="jump" coverage="0%" />
              </conditions>
            </line>
            <line number="32" hits="2" branch="False" />
            <line number="33" hits="0" branch="True" condition-coverage="0% (0/2)">
              <conditions>
                <condition number="172" type="jump" coverage="0%" />
              </conditions>
            </line>
            <line number="34" hits="0" branch="False" />
            <line number="35" hits="0" branch="False" />
            <line number="36" hits="0" branch="True" condition-coverage="0% (0/2)">
              <conditions>
                <condition number="339" type="jump" coverage="0%" />
              </conditions>
            </line>
            <line number="37" hits="0" branch="False" />
            <line number="38" hits="0" branch="False" />
            <line number="39" hits="2" branch="True" condition-coverage="50% (1/2)">
              <conditions>
                <condition number="506" type="jump" coverage="50%" />
              </conditions>
            </line>
            <line number="40" hits="2" branch="False" />
            <line number="41" hits="2" branch="False" />
            <line number="42" hits="0" branch="True" condition-coverage="0% (0/2)">
              <conditions>
                <condition number="673" type="jump" coverage="0%" />
              </conditions>
            </line>
            <line number="43" hits="0" branch="False" />
            <line number="44" hits="0" branch="False" />
            <line number="45" hits="0" branch="False" />
            <line number="46" hits="2" branch="False" />
            <line number="48" hits="2" branch="False" />
            <line number="49" hits="2" branch="False" />
          </lines>
        </class>
        <class name="myWebApp.Pages.Things.Pages_Things_Create/&lt;&lt;ExecuteAsync&gt;b__21_0&gt;d" filename="Pages/Things/Create.cshtml" line-rate="1" branch-rate="0.75" complexity="16">
          <methods>
            <method name="MoveNext" signature="()" line-rate="1" branch-rate="0.75" complexity="16">
              <lines>
                <line number="15" hits="1" branch="True" condition-coverage="50% (1/2)">
                  <conditions>
                    <condition number="523" type="jump" coverage="50%" />
                  </conditions>
                </line>
                <line number="18" hits="1" branch="True" condition-coverage="50% (1/2)">
                  <conditions>
                    <condition number="1160" type="jump" coverage="50%" />
                  </conditions>
                </line>
                <line number="19" hits="1" branch="True" condition-coverage="100% (2/2)">
                  <conditions>
                    <condition number="1797" type="jump" coverage="100%" />
                  </conditions>
                </line>
                <line number="20" hits="1" branch="True" condition-coverage="100% (2/2)">
                  <conditions>
                    <condition number="2434" type="jump" coverage="100%" />
                  </conditions>
                </line>
                <line number="24" hits="1" branch="True" condition-coverage="50% (1/2)">
                  <conditions>
                    <condition number="3071" type="jump" coverage="50%" />
                  </conditions>
                </line>
                <line number="25" hits="1" branch="True" condition-coverage="50% (1/2)">
                  <conditions>
                    <condition number="3732" type="jump" coverage="50%" />
                  </conditions>
                </line>
                <line number="26" hits="1" branch="True" condition-coverage="100% (4/4)">
                  <conditions>
                    <condition number="4371" type="jump" coverage="100%" />
                    <condition number="4887" type="jump" coverage="100%" />
                  </conditions>
                </line>
              </lines>
            </method>
          </methods>
          <lines>
            <line number="15" hits="1" branch="True" condition-coverage="50% (1/2)">
              <conditions>
                <condition number="523" type="jump" coverage="50%" />
              </conditions>
            </line>
            <line number="18" hits="1" branch="True" condition-coverage="50% (1/2)">
              <conditions>
                <condition number="1160" type="jump" coverage="50%" />
              </conditions>
            </line>
            <line number="19" hits="1" branch="True" condition-coverage="100% (2/2)">
              <conditions>
                <condition number="1797" type="jump" coverage="100%" />
              </conditions>
            </line>
            <line number="20" hits="1" branch="True" condition-coverage="100% (2/2)">
              <conditions>
                <condition number="2434" type="jump" coverage="100%" />
              </conditions>
            </line>
            <line number="24" hits="1" branch="True" condition-coverage="50% (1/2)">
              <conditions>
                <condition number="3071" type="jump" coverage="50%" />
              </conditions>
            </line>
            <line number="25" hits="1" branch="True" condition-coverage="50% (1/2)">
              <conditions>
                <condition number="3732" type="jump" coverage="50%" />
              </conditions>
            </line>
            <line number="26" hits="1" branch="True" condition-coverage="100% (4/4)">
              <conditions>
                <condition number="4371" type="jump" coverage="100%" />
                <condition number="4887" type="jump" coverage="100%" />
              </conditions>
            </line>
          </lines>
        </class>
        <class name="myWebApp.Pages.Things.Pages_Things_Create/&lt;&lt;ExecuteAsync&gt;b__21_1&gt;d" filename="Pages/Things/Create.cshtml" line-rate="1" branch-rate="1" complexity="1">
          <methods>
            <method name="MoveNext" signature="()" line-rate="1" branch-rate="1" complexity="1">
              <lines>
                <line number="45" hits="1" branch="False" />
              </lines>
            </method>
          </methods>
          <lines>
            <line number="45" hits="1" branch="False" />
          </lines>
        </class>
        <class name="myWebApp.Pages.Things.Pages_Things_Create/&lt;ExecuteAsync&gt;d__21" filename="Pages/Things/Create.cshtml" line-rate="1" branch-rate="1" complexity="2">
          <methods>
            <method name="MoveNext" signature="()" line-rate="1" branch-rate="1" complexity="2">
              <lines>
                <line number="4" hits="1" branch="False" />
                <line number="10" hits="1" branch="True" condition-coverage="100% (2/2)">
                  <conditions>
                    <condition number="475" type="jump" coverage="100%" />
                  </conditions>
                </line>
              </lines>
            </method>
          </methods>
          <lines>
            <line number="4" hits="1" branch="False" />
            <line number="10" hits="1" branch="True" condition-coverage="100% (2/2)">
              <conditions>
                <condition number="475" type="jump" coverage="100%" />
              </conditions>
            </line>
          </lines>
        </class>
        <class name="myWebApp.Pages.Things.Pages_Things_Delete/&lt;&lt;ExecuteAsync&gt;b__14_9&gt;d" filename="Pages/Things/Delete.cshtml" line-rate="0" branch-rate="0" complexity="4">
          <methods>
            <method name="MoveNext" signature="()" line-rate="0" branch-rate="0" complexity="4">
              <lines>
                <line number="37" hits="0" branch="True" condition-coverage="0% (0/4)">
                  <conditions>
                    <condition number="547" type="jump" coverage="0%" />
                    <condition number="1061" type="jump" coverage="0%" />
                  </conditions>
                </line>
              </lines>
            </method>
          </methods>
          <lines>
            <line number="37" hits="0" branch="True" condition-coverage="0% (0/4)">
              <conditions>
                <condition number="547" type="jump" coverage="0%" />
                <condition number="1061" type="jump" coverage="0%" />
              </conditions>
            </line>
          </lines>
        </class>
        <class name="myWebApp.Pages.Things.Pages_Things_Delete/&lt;ExecuteAsync&gt;d__14" filename="Pages/Things/Delete.cshtml" line-rate="0" branch-rate="0" complexity="2">
          <methods>
            <method name="MoveNext" signature="()" line-rate="0" branch-rate="0" complexity="2">
              <lines>
                <line number="4" hits="0" branch="False" />
                <line number="10" hits="0" branch="False" />
                <line number="19" hits="0" branch="False" />
                <line number="23" hits="0" branch="False" />
                <line number="24" hits="0" branch="False" />
                <line number="26" hits="0" branch="False" />
                <line number="27" hits="0" branch="False" />
                <line number="29" hits="0" branch="False" />
                <line number="30" hits="0" branch="False" />
                <line number="32" hits="0" branch="False" />
                <line number="33" hits="0" branch="True" condition-coverage="0% (0/2)">
                  <conditions>
                    <condition number="1575" type="jump" coverage="0%" />
                  </conditions>
                </line>
              </lines>
            </method>
          </methods>
          <lines>
            <line number="4" hits="0" branch="False" />
            <line number="10" hits="0" branch="False" />
            <line number="19" hits="0" branch="False" />
            <line number="23" hits="0" branch="False" />
            <line number="24" hits="0" branch="False" />
            <line number="26" hits="0" branch="False" />
            <line number="27" hits="0" branch="False" />
            <line number="29" hits="0" branch="False" />
            <line number="30" hits="0" branch="False" />
            <line number="32" hits="0" branch="False" />
            <line number="33" hits="0" branch="True" condition-coverage="0% (0/2)">
              <conditions>
                <condition number="1575" type="jump" coverage="0%" />
              </conditions>
            </line>
          </lines>
        </class>
        <class name="myWebApp.Pages.Things.Pages_Things_Details/&lt;ExecuteAsync&gt;d__11" filename="Pages/Things/Details.cshtml" line-rate="0" branch-rate="0" complexity="6">
          <methods>
            <method name="MoveNext" signature="()" line-rate="0" branch-rate="0" complexity="6">
              <lines>
                <line number="4" hits="0" branch="False" />
                <line number="10" hits="0" branch="False" />
                <line number="14" hits="0" branch="False" />
                <line number="18" hits="0" branch="False" />
                <line number="19" hits="0" branch="False" />
                <line number="21" hits="0" branch="False" />
                <line number="22" hits="0" branch="False" />
                <line number="24" hits="0" branch="False" />
                <line number="25" hits="0" branch="False" />
                <line number="27" hits="0" branch="False" />
                <line number="28" hits="0" branch="True" condition-coverage="0% (0/2)">
                  <conditions>
                    <condition number="1424" type="jump" coverage="0%" />
                  </conditions>
                </line>
                <line number="33" hits="0" branch="True" condition-coverage="0% (0/4)">
                  <conditions>
                    <condition number="1786" type="jump" coverage="0%" />
                    <condition number="2302" type="jump" coverage="0%" />
                  </conditions>
                </line>
              </lines>
            </method>
          </methods>
          <lines>
            <line number="4" hits="0" branch="False" />
            <line number="10" hits="0" branch="False" />
            <line number="14" hits="0" branch="False" />
            <line number="18" hits="0" branch="False" />
            <line number="19" hits="0" branch="False" />
            <line number="21" hits="0" branch="False" />
            <line number="22" hits="0" branch="False" />
            <line number="24" hits="0" branch="False" />
            <line number="25" hits="0" branch="False" />
            <line number="27" hits="0" branch="False" />
            <line number="28" hits="0" branch="True" condition-coverage="0% (0/2)">
              <conditions>
                <condition number="1424" type="jump" coverage="0%" />
              </conditions>
            </line>
            <line number="33" hits="0" branch="True" condition-coverage="0% (0/4)">
              <conditions>
                <condition number="1786" type="jump" coverage="0%" />
                <condition number="2302" type="jump" coverage="0%" />
              </conditions>
            </line>
          </lines>
        </class>
        <class name="myWebApp.Pages.Things.Pages_Things_Edit/&lt;&lt;ExecuteAsync&gt;b__24_0&gt;d" filename="Pages/Things/Edit.cshtml" line-rate="0" branch-rate="0" complexity="24">
          <methods>
            <method name="MoveNext" signature="()" line-rate="0" branch-rate="0" complexity="24">
              <lines>
                <line number="15" hits="0" branch="True" condition-coverage="0% (0/2)">
                  <conditions>
                    <condition number="577" type="jump" coverage="0%" />
                  </conditions>
                </line>
                <line number="16" hits="0" branch="True" condition-coverage="0% (0/2)">
                  <conditions>
                    <condition number="1246" type="jump" coverage="0%" />
                  </conditions>
                </line>
                <line number="17" hits="0" branch="True" condition-coverage="0% (0/2)">
                  <conditions>
                    <condition number="1915" type="jump" coverage="0%" />
                  </conditions>
                </line>
                <line number="20" hits="0" branch="True" condition-coverage="0% (0/2)">
                  <conditions>
                    <condition number="2552" type="jump" coverage="0%" />
                  </conditions>
                </line>
                <line number="21" hits="0" branch="True" condition-coverage="0% (0/2)">
                  <conditions>
                    <condition number="3189" type="jump" coverage="0%" />
                  </conditions>
                </line>
                <line number="22" hits="0" branch="True" condition-coverage="0% (0/2)">
                  <conditions>
                    <condition number="3828" type="jump" coverage="0%" />
                  </conditions>
                </line>
                <line number="26" hits="0" branch="True" condition-coverage="0% (0/2)">
                  <conditions>
                    <condition number="4467" type="jump" coverage="0%" />
                  </conditions>
                </line>
                <line number="27" hits="0" branch="True" condition-coverage="0% (0/2)">
                  <conditions>
                    <condition number="5128" type="jump" coverage="0%" />
                  </conditions>
                </line>
                <line number="28" hits="0" branch="True" condition-coverage="0% (0/4)">
                  <conditions>
                    <condition number="5767" type="jump" coverage="0%" />
                    <condition number="6135" type="jump" coverage="0%" />
                  </conditions>
                </line>
                <line number="35" hits="0" branch="True" condition-coverage="0% (0/4)">
                  <conditions>
                    <condition number="6500" type="jump" coverage="0%" />
                    <condition number="7016" type="jump" coverage="0%" />
                  </conditions>
                </line>
              </lines>
            </method>
          </methods>
          <lines>
            <line number="15" hits="0" branch="True" condition-coverage="0% (0/2)">
              <conditions>
                <condition number="577" type="jump" coverage="0%" />
              </conditions>
            </line>
            <line number="16" hits="0" branch="True" condition-coverage="0% (0/2)">
              <conditions>
                <condition number="1246" type="jump" coverage="0%" />
              </conditions>
            </line>
            <line number="17" hits="0" branch="True" condition-coverage="0% (0/2)">
              <conditions>
                <condition number="1915" type="jump" coverage="0%" />
              </conditions>
            </line>
            <line number="20" hits="0" branch="True" condition-coverage="0% (0/2)">
              <conditions>
                <condition number="2552" type="jump" coverage="0%" />
              </conditions>
            </line>
            <line number="21" hits="0" branch="True" condition-coverage="0% (0/2)">
              <conditions>
                <condition number="3189" type="jump" coverage="0%" />
              </conditions>
            </line>
            <line number="22" hits="0" branch="True" condition-coverage="0% (0/2)">
              <conditions>
                <condition number="3828" type="jump" coverage="0%" />
              </conditions>
            </line>
            <line number="26" hits="0" branch="True" condition-coverage="0% (0/2)">
              <conditions>
                <condition number="4467" type="jump" coverage="0%" />
              </conditions>
            </line>
            <line number="27" hits="0" branch="True" condition-coverage="0% (0/2)">
              <conditions>
                <condition number="5128" type="jump" coverage="0%" />
              </conditions>
            </line>
            <line number="28" hits="0" branch="True" condition-coverage="0% (0/4)">
              <conditions>
                <condition number="5767" type="jump" coverage="0%" />
                <condition number="6135" type="jump" coverage="0%" />
              </conditions>
            </line>
            <line number="35" hits="0" branch="True" condition-coverage="0% (0/4)">
              <conditions>
                <condition number="6500" type="jump" coverage="0%" />
                <condition number="7016" type="jump" coverage="0%" />
              </conditions>
            </line>
          </lines>
        </class>
        <class name="myWebApp.Pages.Things.Pages_Things_Edit/&lt;&lt;ExecuteAsync&gt;b__24_1&gt;d" filename="Pages/Things/Edit.cshtml" line-rate="0" branch-rate="1" complexity="1">
          <methods>
            <method name="MoveNext" signature="()" line-rate="0" branch-rate="1" complexity="1">
              <lines>
                <line number="50" hits="0" branch="False" />
              </lines>
            </method>
          </methods>
          <lines>
            <line number="50" hits="0" branch="False" />
          </lines>
        </class>
        <class name="myWebApp.Pages.Things.Pages_Things_Edit/&lt;ExecuteAsync&gt;d__24" filename="Pages/Things/Edit.cshtml" line-rate="0" branch-rate="0" complexity="2">
          <methods>
            <method name="MoveNext" signature="()" line-rate="0" branch-rate="0" complexity="2">
              <lines>
                <line number="4" hits="0" branch="False" />
                <line number="10" hits="0" branch="True" condition-coverage="0% (0/2)">
                  <conditions>
                    <condition number="475" type="jump" coverage="0%" />
                  </conditions>
                </line>
              </lines>
            </method>
          </methods>
          <lines>
            <line number="4" hits="0" branch="False" />
            <line number="10" hits="0" branch="True" condition-coverage="0% (0/2)">
              <conditions>
                <condition number="475" type="jump" coverage="0%" />
              </conditions>
            </line>
          </lines>
        </class>
        <class name="myWebApp.Pages.Things.Pages_Things_Index/&lt;&lt;ExecuteAsync&gt;b__21_1&gt;d" filename="Pages/Things/Index.cshtml" line-rate="0" branch-rate="1" complexity="1">
          <methods>
            <method name="MoveNext" signature="()" line-rate="0" branch-rate="1" complexity="1">
              <lines>
                <line number="29" hits="0" branch="False" />
                <line number="30" hits="0" branch="False" />
              </lines>
            </method>
          </methods>
          <lines>
            <line number="29" hits="0" branch="False" />
            <line number="30" hits="0" branch="False" />
          </lines>
        </class>
        <class name="myWebApp.Pages.Things.Pages_Things_Index/&lt;&lt;ExecuteAsync&gt;b__21_2&gt;d" filename="Pages/Things/Index.cshtml" line-rate="0" branch-rate="1" complexity="1">
          <methods>
            <method name="MoveNext" signature="()" line-rate="0" branch-rate="1" complexity="1">
              <lines>
                <line number="38" hits="0" branch="False" />
                <line number="39" hits="0" branch="False" />
              </lines>
            </method>
          </methods>
          <lines>
            <line number="38" hits="0" branch="False" />
            <line number="39" hits="0" branch="False" />
          </lines>
        </class>
        <class name="myWebApp.Pages.Things.Pages_Things_Index/&lt;&lt;ExecuteAsync&gt;b__21_3&gt;d" filename="Pages/Things/Index.cshtml" line-rate="0" branch-rate="1" complexity="1">
          <methods>
            <method name="MoveNext" signature="()" line-rate="0" branch-rate="1" complexity="1">
              <lines>
                <line number="47" hits="0" branch="False" />
                <line number="48" hits="0" branch="False" />
              </lines>
            </method>
          </methods>
          <lines>
            <line number="47" hits="0" branch="False" />
            <line number="48" hits="0" branch="False" />
          </lines>
        </class>
        <class name="myWebApp.Pages.Things.Pages_Things_Index/&lt;&lt;ExecuteAsync&gt;b__21_4&gt;d" filename="Pages/Things/Index.cshtml" line-rate="0" branch-rate="1" complexity="1">
          <methods>
            <method name="MoveNext" signature="()" line-rate="0" branch-rate="1" complexity="1">
              <lines>
                <line number="56" hits="0" branch="False" />
                <line number="57" hits="0" branch="False" />
              </lines>
            </method>
          </methods>
          <lines>
            <line number="56" hits="0" branch="False" />
            <line number="57" hits="0" branch="False" />
          </lines>
        </class>
        <class name="myWebApp.Pages.Things.Pages_Things_Index/&lt;ExecuteAsync&gt;d__21" filename="Pages/Things/Index.cshtml" line-rate="0.23800000000000002" branch-rate="0.11359999999999999" complexity="44">
          <methods>
            <method name="MoveNext" signature="()" line-rate="0.23800000000000002" branch-rate="0.11359999999999999" complexity="44">
              <lines>
                <line number="4" hits="2" branch="False" />
                <line number="10" hits="2" branch="True" condition-coverage="100% (2/2)">
                  <conditions>
                    <condition number="571" type="jump" coverage="100%" />
                  </conditions>
                </line>
                <line number="18" hits="2" branch="True" condition-coverage="50% (1/2)">
                  <conditions>
                    <condition number="781" type="jump" coverage="50%" />
                  </conditions>
                </line>
                <line number="19" hits="0" branch="True" condition-coverage="0% (0/4)">
                  <conditions>
                    <condition number="986" type="jump" coverage="0%" />
                    <condition number="1108" type="jump" coverage="0%" />
                  </conditions>
                </line>
                <line number="27" hits="0" branch="True" condition-coverage="0% (0/6)">
                  <conditions>
                    <condition number="1467" type="jump" coverage="0%" />
                    <condition number="1834" type="jump" coverage="0%" />
                    <condition number="1956" type="jump" coverage="0%" />
                  </conditions>
                </line>
                <line number="36" hits="0" branch="True" condition-coverage="0% (0/6)">
                  <conditions>
                    <condition number="2315" type="jump" coverage="0%" />
                    <condition number="2682" type="jump" coverage="0%" />
                    <condition number="2804" type="jump" coverage="0%" />
                  </conditions>
                </line>
                <line number="45" hits="0" branch="True" condition-coverage="0% (0/6)">
                  <conditions>
                    <condition number="3163" type="jump" coverage="0%" />
                    <condition number="3530" type="jump" coverage="0%" />
                    <condition number="3652" type="jump" coverage="0%" />
                  </conditions>
                </line>
                <line number="54" hits="0" branch="True" condition-coverage="0% (0/2)">
                  <conditions>
                    <condition number="4011" type="jump" coverage="0%" />
                  </conditions>
                </line>
                <line number="64" hits="0" branch="True" condition-coverage="0% (0/2)">
                  <conditions>
                    <condition number="7106" type="jump" coverage="0%" />
                  </conditions>
                </line>
                <line number="65" hits="0" branch="False" />
                <line number="67" hits="0" branch="False" />
                <line number="68" hits="0" branch="False" />
                <line number="69" hits="0" branch="False" />
                <line number="70" hits="0" branch="True" condition-coverage="0% (0/2)">
                  <conditions>
                    <condition number="5085" type="jump" coverage="0%" />
                  </conditions>
                </line>
                <line number="73" hits="0" branch="True" condition-coverage="0% (0/4)">
                  <conditions>
                    <condition number="5445" type="jump" coverage="0%" />
                    <condition number="5813" type="jump" coverage="0%" />
                  </conditions>
                </line>
                <line number="76" hits="0" branch="True" condition-coverage="0% (0/4)">
                  <conditions>
                    <condition number="6173" type="jump" coverage="0%" />
                    <condition number="6541" type="jump" coverage="0%" />
                  </conditions>
                </line>
                <line number="79" hits="0" branch="True" condition-coverage="0% (0/2)">
                  <conditions>
[...]
            <line number="68" hits="0" branch="False" />
            <line number="69" hits="0" branch="False" />
            <line number="70" hits="0" branch="True" condition-coverage="0% (0/2)">
              <conditions>
                <condition number="5085" type="jump" coverage="0%" />
              </conditions>
            </line>
            <line number="73" hits="0" branch="True" condition-coverage="0% (0/4)">
              <conditions>
                <condition number="5445" type="jump" coverage="0%" />
                <condition number="5813" type="jump" coverage="0%" />
              </conditions>
            </line>
            <line number="76" hits="0" branch="True" condition-coverage="0% (0/4)">
              <conditions>
                <condition number="6173" type="jump" coverage="0%" />
                <condition number="6541" type="jump" coverage="0%" />
              </conditions>
            </line>
            <line number="79" hits="0" branch="True" condition-coverage="0% (0/2)">
              <conditions>
                <condition number="6901" type="jump" coverage="0%" />
              </conditions>
            </line>
            <line number="85" hits="0" branch="False" />
            <line number="89" hits="0" branch="False" />
            <line number="91" hits="2" branch="True" condition-coverage="100% (2/2)">
              <conditions>
                <condition number="7494" type="jump" coverage="100%" />
              </conditions>
            </line>
            <line number="96" hits="2" branch="False" />
          </lines>
        </class>
        <class name="myWebApp.Models.Thing" filename="Models/Thing.cs" line-rate="1" branch-rate="1" complexity="5">
          <methods>
            <method name="get_Id" signature="()" line-rate="1" branch-rate="1" complexity="1">
              <lines>
                <line number="10" hits="5" branch="False" />
              </lines>
            </method>
            <method name="get_Name" signature="()" line-rate="1" branch-rate="1" complexity="1">
              <lines>
                <line number="16" hits="38" branch="False" />
              </lines>
            </method>
            <method name="get_Purpose" signature="()" line-rate="1" branch-rate="1" complexity="1">
              <lines>
                <line number="22" hits="32" branch="False" />
              </lines>
            </method>
            <method name="get_CreatedOn" signature="()" line-rate="1" branch-rate="1" complexity="1">
              <lines>
                <line number="27" hits="18" branch="False" />
              </lines>
            </method>
            <method name="get_LastModified" signature="()" line-rate="1" branch-rate="1" complexity="1">
              <lines>
                <line number="32" hits="19" branch="False" />
              </lines>
            </method>
          </methods>
          <lines>
            <line number="10" hits="5" branch="False" />
            <line number="16" hits="38" branch="False" />
            <line number="22" hits="32" branch="False" />
            <line number="27" hits="18" branch="False" />
            <line number="32" hits="19" branch="False" />
          </lines>
        </class>
        <class name="myWebApp.Migrations.InitialCreate" filename="Migrations/20250621203936_InitialCreate.cs" line-rate="0" branch-rate="1" complexity="2">
          <methods>
            <method name="Up" signature="(Microsoft.EntityFrameworkCore.Migrations.MigrationBuilder)" line-rate="0" branch-rate="1" complexity="1">
              <lines>
                <line number="13" hits="0" branch="False" />
                <line number="14" hits="0" branch="False" />
                <line number="15" hits="0" branch="False" />
                <line number="16" hits="0" branch="False" />
                <line number="17" hits="0" branch="False" />
                <line number="18" hits="0" branch="False" />
                <line number="19" hits="0" branch="False" />
                <line number="20" hits="0" branch="False" />
                <line number="21" hits="0" branch="False" />
                <line number="22" hits="0" branch="False" />
                <line number="23" hits="0" branch="False" />
                <line number="24" hits="0" branch="False" />
                <line number="25" hits="0" branch="False" />
                <line number="26" hits="0" branch="False" />
                <line number="27" hits="0" branch="False" />
                <line number="28" hits="0" branch="False" />
                <line number="29" hits="0" branch="False" />
              </lines>
            </method>
            <method name="Down" signature="(Microsoft.EntityFrameworkCore.Migrations.MigrationBuilder)" line-rate="0" branch-rate="1" complexity="1">
              <lines>
                <line number="33" hits="0" branch="False" />
                <line number="34" hits="0" branch="False" />
                <line number="35" hits="0" branch="False" />
                <line number="36" hits="0" branch="False" />
              </lines>
            </method>
          </methods>
          <lines>
            <line number="13" hits="0" branch="False" />
            <line number="14" hits="0" branch="False" />
            <line number="15" hits="0" branch="False" />
            <line number="16" hits="0" branch="False" />
            <line number="17" hits="0" branch="False" />
            <line number="18" hits="0" branch="False" />
            <line number="19" hits="0" branch="False" />
            <line number="20" hits="0" branch="False" />
            <line number="21" hits="0" branch="False" />
            <line number="22" hits="0" branch="False" />
            <line number="23" hits="0" branch="False" />
            <line number="24" hits="0" branch="False" />
            <line number="25" hits="0" branch="False" />
            <line number="26" hits="0" branch="False" />
            <line number="27" hits="0" branch="False" />
            <line number="28" hits="0" branch="False" />
            <line number="29" hits="0" branch="False" />
            <line number="33" hits="0" branch="False" />
            <line number="34" hits="0" branch="False" />
            <line number="35" hits="0" branch="False" />
            <line number="36" hits="0" branch="False" />
          </lines>
        </class>
        <class name="myWebApp.Migrations.InitialCreate" filename="Migrations/20250621203936_InitialCreate.Designer.cs" line-rate="0" branch-rate="1" complexity="1">
          <methods>
            <method name="BuildTargetModel" signature="(Microsoft.EntityFrameworkCore.ModelBuilder)" line-rate="0" branch-rate="1" complexity="1">
              <lines>
                <line number="20" hits="0" branch="False" />
                <line number="22" hits="0" branch="False" />
                <line number="23" hits="0" branch="False" />
                <line number="24" hits="0" branch="False" />
                <line number="26" hits="0" branch="False" />
                <line number="28" hits="0" branch="False" />
                <line number="29" hits="0" branch="False" />
                <line number="30" hits="0" branch="False" />
                <line number="31" hits="0" branch="False" />
                <line number="32" hits="0" branch="False" />
                <line number="33" hits="0" branch="False" />
                <line number="34" hits="0" branch="False" />
                <line number="35" hits="0" branch="False" />
                <line number="36" hits="0" branch="False" />
                <line number="37" hits="0" branch="False" />
                <line number="38" hits="0" branch="False" />
                <line number="39" hits="0" branch="False" />
                <line number="40" hits="0" branch="False" />
                <line number="41" hits="0" branch="False" />
                <line number="42" hits="0" branch="False" />
                <line number="43" hits="0" branch="False" />
                <line number="44" hits="0" branch="False" />
                <line number="45" hits="0" branch="False" />
                <line number="46" hits="0" branch="False" />
                <line number="47" hits="0" branch="False" />
                <line number="48" hits="0" branch="False" />
                <line number="49" hits="0" branch="False" />
                <line number="50" hits="0" branch="False" />
                <line number="51" hits="0" branch="False" />
                <line number="52" hits="0" branch="False" />
                <line number="53" hits="0" branch="False" />
                <line number="54" hits="0" branch="False" />
                <line number="55" hits="0" branch="False" />
                <line number="56" hits="0" branch="False" />
                <line number="57" hits="0" branch="False" />
                <line number="58" hits="0" branch="False" />
                <line number="59" hits="0" branch="False" />
                <line number="60" hits="0" branch="False" />
                <line number="61" hits="0" branch="False" />
                <line number="62" hits="0" branch="False" />
                <line number="64" hits="0" branch="False" />
              </lines>
            </method>
          </methods>
          <lines>
            <line number="20" hits="0" branch="False" />
            <line number="22" hits="0" branch="False" />
            <line number="23" hits="0" branch="False" />
            <line number="24" hits="0" branch="False" />
            <line number="26" hits="0" branch="False" />
            <line number="28" hits="0" branch="False" />
            <line number="29" hits="0" branch="False" />
            <line number="30" hits="0" branch="False" />
            <line number="31" hits="0" branch="False" />
            <line number="32" hits="0" branch="False" />
            <line number="33" hits="0" branch="False" />
            <line number="34" hits="0" branch="False" />
            <line number="35" hits="0" branch="False" />
            <line number="36" hits="0" branch="False" />
            <line number="37" hits="0" branch="False" />
            <line number="38" hits="0" branch="False" />
            <line number="39" hits="0" branch="False" />
            <line number="40" hits="0" branch="False" />
            <line number="41" hits="0" branch="False" />
            <line number="42" hits="0" branch="False" />
            <line number="43" hits="0" branch="False" />
            <line number="44" hits="0" branch="False" />
            <line number="45" hits="0" branch="False" />
            <line number="46" hits="0" branch="False" />
            <line number="47" hits="0" branch="False" />
            <line number="48" hits="0" branch="False" />
            <line number="49" hits="0" branch="False" />
            <line number="50" hits="0" branch="False" />
            <line number="51" hits="0" branch="False" />
            <line number="52" hits="0" branch="False" />
            <line number="53" hits="0" branch="False" />
            <line number="54" hits="0" branch="False" />
            <line number="55" hits="0" branch="False" />
            <line number="56" hits="0" branch="False" />
            <line number="57" hits="0" branch="False" />
            <line number="58" hits="0" branch="False" />
            <line number="59" hits="0" branch="False" />
            <line number="60" hits="0" branch="False" />
            <line number="61" hits="0" branch="False" />
            <line number="62" hits="0" branch="False" />
            <line number="64" hits="0" branch="False" />
          </lines>
        </class>
        <class name="myWebApp.Migrations.ApplicationDbContextModelSnapshot" filename="Migrations/ApplicationDbContextModelSnapshot.cs" line-rate="0" branch-rate="1" complexity="1">
          <methods>
            <method name="BuildModel" signature="(Microsoft.EntityFrameworkCore.ModelBuilder)" line-rate="0" branch-rate="1" complexity="1">
              <lines>
                <line number="17" hits="0" branch="False" />
                <line number="19" hits="0" branch="False" />
                <line number="20" hits="0" branch="False" />
                <line number="21" hits="0" branch="False" />
                <line number="23" hits="0" branch="False" />
                <line number="25" hits="0" branch="False" />
                <line number="26" hits="0" branch="False" />
                <line number="27" hits="0" branch="False" />
                <line number="28" hits="0" branch="False" />
                <line number="29" hits="0" branch="False" />
                <line number="30" hits="0" branch="False" />
                <line number="31" hits="0" branch="False" />
                <line number="32" hits="0" branch="False" />
                <line number="33" hits="0" branch="False" />
                <line number="34" hits="0" branch="False" />
                <line number="35" hits="0" branch="False" />
                <line number="36" hits="0" branch="False" />
                <line number="37" hits="0" branch="False" />
                <line number="38" hits="0" branch="False" />
                <line number="39" hits="0" branch="False" />
                <line number="40" hits="0" branch="False" />
                <line number="41" hits="0" branch="False" />
                <line number="42" hits="0" branch="False" />
                <line number="43" hits="0" branch="False" />
                <line number="44" hits="0" branch="False" />
                <line number="45" hits="0" branch="False" />
                <line number="46" hits="0" branch="False" />
                <line number="47" hits="0" branch="False" />
                <line number="48" hits="0" branch="False" />
                <line number="49" hits="0" branch="False" />
                <line number="50" hits="0" branch="False" />
                <line number="51" hits="0" branch="False" />
                <line number="52" hits="0" branch="False" />
                <line number="53" hits="0" branch="False" />
                <line number="54" hits="0" branch="False" />
                <line number="55" hits="0" branch="False" />
                <line number="56" hits="0" branch="False" />
                <line number="57" hits="0" branch="False" />
                <line number="58" hits="0" branch="False" />
                <line number="59" hits="0" branch="False" />
                <line number="61" hits="0" branch="False" />
              </lines>
            </method>
          </methods>
          <lines>
            <line number="17" hits="0" branch="False" />
            <line number="19" hits="0" branch="False" />
            <line number="20" hits="0" branch="False" />
            <line number="21" hits="0" branch="False" />
            <line number="23" hits="0" branch="False" />
            <line number="25" hits="0" branch="False" />
            <line number="26" hits="0" branch="False" />
            <line number="27" hits="0" branch="False" />
            <line number="28" hits="0" branch="False" />
            <line number="29" hits="0" branch="False" />
            <line number="30" hits="0" branch="False" />
            <line number="31" hits="0" branch="False" />
            <line number="32" hits="0" branch="False" />
            <line number="33" hits="0" branch="False" />
            <line number="34" hits="0" branch="False" />
            <line number="35" hits="0" branch="False" />
            <line number="36" hits="0" branch="False" />
            <line number="37" hits="0" branch="False" />
            <line number="38" hits="0" branch="False" />
            <line number="39" hits="0" branch="False" />
            <line number="40" hits="0" branch="False" />
            <line number="41" hits="0" branch="False" />
            <line number="42" hits="0" branch="False" />
            <line number="43" hits="0" branch="False" />
            <line number="44" hits="0" branch="False" />
            <line number="45" hits="0" branch="False" />
            <line number="46" hits="0" branch="False" />
            <line number="47" hits="0" branch="False" />
            <line number="48" hits="0" branch="False" />
            <line number="49" hits="0" branch="False" />
            <line number="50" hits="0" branch="False" />
            <line number="51" hits="0" branch="False" />
            <line number="52" hits="0" branch="False" />
            <line number="53" hits="0" branch="False" />
            <line number="54" hits="0" branch="False" />
            <line number="55" hits="0" branch="False" />
            <line number="56" hits="0" branch="False" />
            <line number="57" hits="0" branch="False" />
            <line number="58" hits="0" branch="False" />
            <line number="59" hits="0" branch="False" />
            <line number="61" hits="0" branch="False" />
          </lines>
        </class>
        <class name="myWebApp.Data.ApplicationDbContext" filename="Data/ApplicationDbContext.cs" line-rate="1" branch-rate="1" complexity="3">
          <methods>
            <method name="get_Things" signature="()" line-rate="1" branch-rate="1" complexity="1">
              <lines>
                <line number="13" hits="19" branch="False" />
              </lines>
            </method>
            <method name="OnModelCreating" signature="(Microsoft.EntityFrameworkCore.ModelBuilder)" line-rate="1" branch-rate="1" complexity="1">
              <lines>
                <line number="16" hits="2" branch="False" />
                <line number="17" hits="2" branch="False" />
                <line number="19" hits="2" branch="False" />
                <line number="20" hits="2" branch="False" />
                <line number="21" hits="2" branch="False" />
                <line number="22" hits="2" branch="False" />
                <line number="23" hits="2" branch="False" />
                <line number="24" hits="2" branch="False" />
                <line number="25" hits="2" branch="False" />
                <line number="26" hits="2" branch="False" />
                <line number="27" hits="2" branch="False" />
                <line number="28" hits="4" branch="False" />
                <line number="29" hits="2" branch="False" />
              </lines>
            </method>
            <method name=".ctor" signature="(Microsoft.EntityFrameworkCore.DbContextOptions`1&lt;myWebApp.Data.ApplicationDbContext&gt;)" line-rate="1" branch-rate="1" complexity="1">
              <lines>
                <line number="9" hits="8" branch="False" />
                <line number="10" hits="8" branch="False" />
                <line number="11" hits="8" branch="False" />
              </lines>
            </method>
          </methods>
          <lines>
            <line number="13" hits="19" branch="False" />
            <line number="16" hits="2" branch="False" />
            <line number="17" hits="2" branch="False" />
            <line number="19" hits="2" branch="False" />
            <line number="20" hits="2" branch="False" />
            <line number="21" hits="2" branch="False" />
            <line number="22" hits="2" branch="False" />
            <line number="23" hits="2" branch="False" />
            <line number="24" hits="2" branch="False" />
            <line number="25" hits="2" branch="False" />
            <line number="26" hits="2" branch="False" />
            <line number="27" hits="2" branch="False" />
            <line number="28" hits="4" branch="False" />
            <line number="29" hits="2" branch="False" />
            <line number="9" hits="8" branch="False" />
            <line number="10" hits="8" branch="False" />
            <line number="11" hits="8" branch="False" />
          </lines>
        </class>
      </classes>
    </package>
  </packages>
</coverage>